<?xml version="1.0" encoding="UTF-8"?>
<!-- Generated by org.testng.reporters.JUnitReportReporter -->
<testsuite hostname="DESKTOP-4EUMPTA" failures="0" tests="1" name="forMavenTest.OrganizationTest" time="0.002" errors="0" timestamp="2025-02-18T22:50:04 IST" skipped="0">
  <testcase classname="forMavenTest.OrganizationTest" name="modifyOrgTest" time="0.002">
    <system-out>
      <![CDATA[Organization Modified Successfully]]>
    </system-out>
  </testcase> <!-- modifyOrgTest -->
  <system-out>
    <![CDATA[Contact Modified Successfully
Organization Modified Successfully]]>
  </system-out>
</testsuite> <!-- forMavenTest.OrganizationTest -->
