<?xml version="1.0" encoding="UTF-8"?>
<!-- Generated by org.testng.reporters.JUnitReportReporter -->
<testsuite hostname="DESKTOP-4EUMPTA" failures="0" tests="1" name="forMavenTest.CampaignTest" time="11.184" errors="0" timestamp="2025-02-18T23:23:43 IST" skipped="0">
  <testcase classname="forMavenTest.CampaignTest" name="sampleTest" time="11.184"/>
</testsuite> <!-- forMavenTest.CampaignTest -->
