<?xml version="1.0" encoding="UTF-8"?>
<!-- Generated by org.testng.reporters.JUnitReportReporter -->
<testsuite hostname="DESKTOP-4EUMPTA" failures="0" tests="2" name="forMavenTest.ContactTest" time="0.008" errors="0" timestamp="2025-02-18T23:18:36 IST" skipped="0">
  <testcase classname="forMavenTest.ContactTest" name="modifyContactTest" time="0.001">
    <system-out>
      <![CDATA[Contact Modified Successfully]]>
    </system-out>
  </testcase> <!-- modifyContactTest -->
  <testcase classname="forMavenTest.ContactTest" name="createContactTest" time="0.007">
    <system-out>
      <![CDATA[Contact Created Successfully]]>
    </system-out>
  </testcase> <!-- createContactTest -->
  <system-out>
    <![CDATA[Contact Created Successfully
Contact Modified Successfully]]>
  </system-out>
</testsuite> <!-- forMavenTest.ContactTest -->
