<?xml version="1.0" encoding="UTF-8"?>
<!-- Generated by org.testng.reporters.JUnitReportReporter -->
<testsuite hostname="DESKTOP-4EUMPTA" failures="0" tests="2" name="forMavenTest.OrganizationTest" time="0.003" errors="0" timestamp="2025-02-18T22:57:57 IST" skipped="0">
  <testcase classname="forMavenTest.OrganizationTest" name="createOrgTest" time="0.001">
    <system-out>
      <![CDATA[Organization Created Successfully]]>
    </system-out>
  </testcase> <!-- createOrgTest -->
  <testcase classname="forMavenTest.OrganizationTest" name="modifyOrgTest" time="0.002">
    <system-out>
      <![CDATA[Organization Modified Successfully]]>
    </system-out>
  </testcase> <!-- modifyOrgTest -->
  <system-out>
    <![CDATA[Contact Created Successfully
Contact Modified Successfully
Organization Created Successfully
Organization Modified Successfully]]>
  </system-out>
</testsuite> <!-- forMavenTest.OrganizationTest -->
